<?xml version="1.0" encoding="UTF-8"?>
<!-- Generated by org.testng.reporters.JUnitReportReporter -->
<testsuite hostname="CISM587" failures="0" tests="5" name="pages.Blogs" time="61.303" errors="0" timestamp="2022-03-14T18:53:46 IST" skipped="0">
  <testcase classname="pages.Blogs" name="setUp" time="22.623"/>
  <system-out/>
  <testcase classname="pages.Blogs" name="loginPage" time="9.031"/>
  <system-out/>
  <testcase classname="pages.Blogs" name="goToHomePage" time="11.365"/>
  <system-out/>
  <testcase classname="pages.Blogs" name="viewBlogs" time="10.004"/>
  <system-out/>
  <testcase classname="pages.Blogs" name="visitToABlog" time="8.280"/>
  <system-out/>
</testsuite> <!-- pages.Blogs -->
