<?xml version="1.0" encoding="UTF-8"?>
<!-- Generated by org.testng.reporters.JUnitReportReporter -->
<testsuite hostname="CISM587" failures="0" tests="4" name="pages.VisitPlan" time="22.275" errors="0" timestamp="2022-03-14T18:53:46 IST" skipped="0">
  <testcase classname="pages.VisitPlan" name="setUp" time="6.783"/>
  <system-out/>
  <testcase classname="pages.VisitPlan" name="loginPage" time="2.344"/>
  <system-out/>
  <testcase classname="pages.VisitPlan" name="goToHomePage" time="4.873"/>
  <system-out/>
  <testcase classname="pages.VisitPlan" name="planToVisit" time="8.275"/>
  <system-out/>
</testsuite> <!-- pages.VisitPlan -->
