<?xml version="1.0" encoding="UTF-8"?>
<!-- Generated by org.testng.reporters.JUnitReportReporter -->
<testsuite hostname="CISM587" failures="0" tests="3" name="pages.LoginClass" time="10.780" errors="0" timestamp="2022-03-14T18:53:46 IST" skipped="0">
  <testcase classname="pages.LoginClass" name="setUp" time="5.068"/>
  <system-out/>
  <testcase classname="pages.LoginClass" name="loginPage" time="2.743"/>
  <system-out/>
  <testcase classname="pages.LoginClass" name="goToHomePage" time="2.969"/>
  <system-out/>
</testsuite> <!-- pages.LoginClass -->
