<?xml version="1.0" encoding="UTF-8"?>
<!-- Generated by org.testng.reporters.JUnitReportReporter -->
<testsuite hostname="CISM587" failures="0" tests="7" name="pages.SearchForFlight" time="154.973" errors="0" timestamp="2022-03-14T18:53:46 IST" skipped="0">
  <testcase classname="pages.SearchForFlight" name="setUp" time="12.807"/>
  <system-out/>
  <testcase classname="pages.SearchForFlight" name="loginPage" time="6.892"/>
  <system-out/>
  <testcase classname="pages.SearchForFlight" name="goToHomePage" time="15.533"/>
  <system-out/>
  <testcase classname="pages.SearchForFlight" name="flightSearch" time="62.653"/>
  <system-out/>
  <testcase classname="pages.SearchForFlight" name="bookAFlight" time="7.626"/>
  <system-out/>
  <testcase classname="pages.SearchForFlight" name="travellersInfo" time="47.109"/>
  <system-out/>
  <testcase classname="pages.SearchForFlight" name="downloadInvoice" time="2.353"/>
  <system-out/>
</testsuite> <!-- pages.SearchForFlight -->
