<?xml version="1.0" encoding="UTF-8"?>
<!-- Generated by org.testng.reporters.JUnitReportReporter -->
<testsuite hostname="CISM587" failures="0" tests="4" name="pages.ContactUs" time="89.837" errors="0" timestamp="2022-03-14T18:53:46 IST" skipped="0">
  <testcase classname="pages.ContactUs" name="setUp" time="15.976"/>
  <system-out/>
  <testcase classname="pages.ContactUs" name="loginPage" time="7.874"/>
  <system-out/>
  <testcase classname="pages.ContactUs" name="goToHomePage" time="36.228"/>
  <system-out/>
  <testcase classname="pages.ContactUs" name="contactUs" time="29.759"/>
  <system-out/>
</testsuite> <!-- pages.ContactUs -->
