<?xml version="1.0" encoding="UTF-8"?>
<!-- Generated by org.testng.reporters.JUnitReportReporter -->
<testsuite hostname="CISM587" failures="0" tests="1" name="pages.SignUpPage" time="13.727" errors="0" timestamp="2022-03-14T18:53:46 IST" skipped="0">
  <testcase classname="pages.SignUpPage" name="signUp" time="13.727"/>
  <system-out/>
</testsuite> <!-- pages.SignUpPage -->
