<?xml version="1.0" encoding="UTF-8"?>
<!-- Generated by org.testng.reporters.JUnitReportReporter -->
<testsuite hostname="CISM587" failures="0" tests="4" name="pages.AboutUsPage" time="19.563" errors="0" timestamp="2022-03-14T18:53:46 IST" skipped="0">
  <testcase classname="pages.AboutUsPage" name="setUp" time="4.385"/>
  <system-out/>
  <testcase classname="pages.AboutUsPage" name="loginPage" time="1.617"/>
  <system-out/>
  <testcase classname="pages.AboutUsPage" name="goToHomePage" time="5.200"/>
  <system-out/>
  <testcase classname="pages.AboutUsPage" name="aboutUs" time="8.361"/>
  <system-out/>
</testsuite> <!-- pages.AboutUsPage -->
